CRITICAL - 2024-04-18 10:51:43 --> ErrorException: Undefined variable: response
in APPPATH\Controllers\Report.php on line 125.
 1 APPPATH\Controllers\Report.php(125): CodeIgniter\Debug\Exceptions->errorHandler(8, 'Undefined variable: response', 'C:\\xampp\\htdocs\\api_posbawang\\app\\Controllers\\Report.php', 125, [...])
 2 SYSTEMPATH\CodeIgniter.php(941): App\Controllers\Report->find_table()
 3 SYSTEMPATH\CodeIgniter.php(502): CodeIgniter\CodeIgniter->runController(Object(App\Controllers\Report))
 4 SYSTEMPATH\CodeIgniter.php(361): CodeIgniter\CodeIgniter->handleRequest(null, Object(Config\Cache), false)
 5 FCPATH\index.php(79): CodeIgniter\CodeIgniter->run()
ERROR - 2024-04-18 11:18:39 --> mysqli_sql_exception: Operand should contain 1 column(s) in C:\xampp\htdocs\api_posbawang\system\Database\MySQLi\Connection.php:306
Stack trace:
#0 C:\xampp\htdocs\api_posbawang\system\Database\MySQLi\Connection.php(306): mysqli->query('\r\nSELECT distin...', 0)
#1 C:\xampp\htdocs\api_posbawang\system\Database\BaseConnection.php(693): CodeIgniter\Database\MySQLi\Connection->execute('\r\nSELECT distin...')
#2 C:\xampp\htdocs\api_posbawang\system\Database\BaseConnection.php(607): CodeIgniter\Database\BaseConnection->simpleQuery('\r\nSELECT distin...')
#3 C:\xampp\htdocs\api_posbawang\app\Views\staticReport\report_penjualan.php(11): CodeIgniter\Database\BaseConnection->query('\r\nSELECT distin...', Array)
#4 C:\xampp\htdocs\api_posbawang\system\View\View.php(228): include('C:\\xampp\\htdocs...')
#5 C:\xampp\htdocs\api_posbawang\system\View\View.php(231): CodeIgniter\View\View->CodeIgniter\View\{closure}()
#6 C:\xampp\htdocs\api_posbawang\system\Common.php(1178): CodeIgniter\View\View->render('staticReport/re...', Array, true)
#7 C:\xampp\htdocs\api_posbawang\app\Controllers\Report.php(119): view('staticReport/re...', Array)
#8 C:\xampp\htdocs\api_posbawang\system\CodeIgniter.php(941): App\Controllers\Report->find_table()
#9 C:\xampp\htdocs\api_posbawang\system\CodeIgniter.php(502): CodeIgniter\CodeIgniter->runController(Object(App\Controllers\Report))
#10 C:\xampp\htdocs\api_posbawang\system\CodeIgniter.php(361): CodeIgniter\CodeIgniter->handleRequest(NULL, Object(Config\Cache), false)
#11 C:\xampp\htdocs\api_posbawang\index.php(79): CodeIgniter\CodeIgniter->run()
#12 {main}
CRITICAL - 2024-04-18 11:18:39 --> CodeIgniter\Database\Exceptions\DatabaseException: Operand should contain 1 column(s)
in SYSTEMPATH\Database\BaseConnection.php on line 647.
 1 APPPATH\Views\staticReport\report_penjualan.php(11): CodeIgniter\Database\BaseConnection->query('
SELECT distinct(D.code,C.no_mobil,C.tanggal) FROM barang_keluar AS A
INNER JOIN barang_keluar_detail AS B ON A.id=B.id_barang_keluar
INNER JOIN barang_masuk AS C ON B.no_mobil=C.no_mobil
INNER JOIN master_barang AS D ON B.id_barang=D.id
WHERE A.tanggal=?
', [...])
 2 SYSTEMPATH\View\View.php(228): include('C:\\xampp\\htdocs\\api_posbawang\\app\\Views\\staticReport\\report_penjualan.php')
 3 SYSTEMPATH\View\View.php(231): CodeIgniter\View\View->CodeIgniter\View\{closure}()
 4 SYSTEMPATH\Common.php(1178): CodeIgniter\View\View->render('staticReport/report_penjualan', [], true)
 5 APPPATH\Controllers\Report.php(119): view('staticReport/report_penjualan', [...])
 6 SYSTEMPATH\CodeIgniter.php(941): App\Controllers\Report->find_table()
 7 SYSTEMPATH\CodeIgniter.php(502): CodeIgniter\CodeIgniter->runController(Object(App\Controllers\Report))
 8 SYSTEMPATH\CodeIgniter.php(361): CodeIgniter\CodeIgniter->handleRequest(null, Object(Config\Cache), false)
 9 FCPATH\index.php(79): CodeIgniter\CodeIgniter->run()
CRITICAL - 2024-04-18 11:18:39 --> [Caused by] CodeIgniter\Database\Exceptions\DatabaseException: Operand should contain 1 column(s)
in SYSTEMPATH\Database\MySQLi\Connection.php on line 311.
 1 SYSTEMPATH\Database\BaseConnection.php(693): CodeIgniter\Database\MySQLi\Connection->execute('
SELECT distinct(D.code,C.no_mobil,C.tanggal) FROM barang_keluar AS A
INNER JOIN barang_keluar_detail AS B ON A.id=B.id_barang_keluar
INNER JOIN barang_masuk AS C ON B.no_mobil=C.no_mobil
INNER JOIN master_barang AS D ON B.id_barang=D.id
WHERE A.tanggal=\'2024-04-17\'
')
 2 SYSTEMPATH\Database\BaseConnection.php(607): CodeIgniter\Database\BaseConnection->simpleQuery('
SELECT distinct(D.code,C.no_mobil,C.tanggal) FROM barang_keluar AS A
INNER JOIN barang_keluar_detail AS B ON A.id=B.id_barang_keluar
INNER JOIN barang_masuk AS C ON B.no_mobil=C.no_mobil
INNER JOIN master_barang AS D ON B.id_barang=D.id
WHERE A.tanggal=\'2024-04-17\'
')
 3 APPPATH\Views\staticReport\report_penjualan.php(11): CodeIgniter\Database\BaseConnection->query('
SELECT distinct(D.code,C.no_mobil,C.tanggal) FROM barang_keluar AS A
INNER JOIN barang_keluar_detail AS B ON A.id=B.id_barang_keluar
INNER JOIN barang_masuk AS C ON B.no_mobil=C.no_mobil
INNER JOIN master_barang AS D ON B.id_barang=D.id
WHERE A.tanggal=?
', [...])
 4 SYSTEMPATH\View\View.php(228): include('C:\\xampp\\htdocs\\api_posbawang\\app\\Views\\staticReport\\report_penjualan.php')
 5 SYSTEMPATH\View\View.php(231): CodeIgniter\View\View->CodeIgniter\View\{closure}()
 6 SYSTEMPATH\Common.php(1178): CodeIgniter\View\View->render('staticReport/report_penjualan', [], true)
 7 APPPATH\Controllers\Report.php(119): view('staticReport/report_penjualan', [...])
 8 SYSTEMPATH\CodeIgniter.php(941): App\Controllers\Report->find_table()
 9 SYSTEMPATH\CodeIgniter.php(502): CodeIgniter\CodeIgniter->runController(Object(App\Controllers\Report))
10 SYSTEMPATH\CodeIgniter.php(361): CodeIgniter\CodeIgniter->handleRequest(null, Object(Config\Cache), false)
11 FCPATH\index.php(79): CodeIgniter\CodeIgniter->run()
CRITICAL - 2024-04-18 11:18:39 --> [Caused by] mysqli_sql_exception: Operand should contain 1 column(s)
in SYSTEMPATH\Database\MySQLi\Connection.php on line 306.
 1 SYSTEMPATH\Database\MySQLi\Connection.php(306): mysqli->query('
SELECT distinct(D.code,C.no_mobil,C.tanggal) FROM barang_keluar AS A
INNER JOIN barang_keluar_detail AS B ON A.id=B.id_barang_keluar
INNER JOIN barang_masuk AS C ON B.no_mobil=C.no_mobil
INNER JOIN master_barang AS D ON B.id_barang=D.id
WHERE A.tanggal=\'2024-04-17\'
', 0)
 2 SYSTEMPATH\Database\BaseConnection.php(693): CodeIgniter\Database\MySQLi\Connection->execute('
SELECT distinct(D.code,C.no_mobil,C.tanggal) FROM barang_keluar AS A
INNER JOIN barang_keluar_detail AS B ON A.id=B.id_barang_keluar
INNER JOIN barang_masuk AS C ON B.no_mobil=C.no_mobil
INNER JOIN master_barang AS D ON B.id_barang=D.id
WHERE A.tanggal=\'2024-04-17\'
')
 3 SYSTEMPATH\Database\BaseConnection.php(607): CodeIgniter\Database\BaseConnection->simpleQuery('
SELECT distinct(D.code,C.no_mobil,C.tanggal) FROM barang_keluar AS A
INNER JOIN barang_keluar_detail AS B ON A.id=B.id_barang_keluar
INNER JOIN barang_masuk AS C ON B.no_mobil=C.no_mobil
INNER JOIN master_barang AS D ON B.id_barang=D.id
WHERE A.tanggal=\'2024-04-17\'
')
 4 APPPATH\Views\staticReport\report_penjualan.php(11): CodeIgniter\Database\BaseConnection->query('
SELECT distinct(D.code,C.no_mobil,C.tanggal) FROM barang_keluar AS A
INNER JOIN barang_keluar_detail AS B ON A.id=B.id_barang_keluar
INNER JOIN barang_masuk AS C ON B.no_mobil=C.no_mobil
INNER JOIN master_barang AS D ON B.id_barang=D.id
WHERE A.tanggal=?
', [...])
 5 SYSTEMPATH\View\View.php(228): include('C:\\xampp\\htdocs\\api_posbawang\\app\\Views\\staticReport\\report_penjualan.php')
 6 SYSTEMPATH\View\View.php(231): CodeIgniter\View\View->CodeIgniter\View\{closure}()
 7 SYSTEMPATH\Common.php(1178): CodeIgniter\View\View->render('staticReport/report_penjualan', [], true)
 8 APPPATH\Controllers\Report.php(119): view('staticReport/report_penjualan', [...])
 9 SYSTEMPATH\CodeIgniter.php(941): App\Controllers\Report->find_table()
10 SYSTEMPATH\CodeIgniter.php(502): CodeIgniter\CodeIgniter->runController(Object(App\Controllers\Report))
11 SYSTEMPATH\CodeIgniter.php(361): CodeIgniter\CodeIgniter->handleRequest(null, Object(Config\Cache), false)
12 FCPATH\index.php(79): CodeIgniter\CodeIgniter->run()
ERROR - 2024-04-18 11:18:40 --> mysqli_sql_exception: Operand should contain 1 column(s) in C:\xampp\htdocs\api_posbawang\system\Database\MySQLi\Connection.php:306
Stack trace:
#0 C:\xampp\htdocs\api_posbawang\system\Database\MySQLi\Connection.php(306): mysqli->query('\r\nSELECT distin...', 0)
#1 C:\xampp\htdocs\api_posbawang\system\Database\BaseConnection.php(693): CodeIgniter\Database\MySQLi\Connection->execute('\r\nSELECT distin...')
#2 C:\xampp\htdocs\api_posbawang\system\Database\BaseConnection.php(607): CodeIgniter\Database\BaseConnection->simpleQuery('\r\nSELECT distin...')
#3 C:\xampp\htdocs\api_posbawang\app\Views\staticReport\report_penjualan.php(11): CodeIgniter\Database\BaseConnection->query('\r\nSELECT distin...', Array)
#4 C:\xampp\htdocs\api_posbawang\system\View\View.php(228): include('C:\\xampp\\htdocs...')
#5 C:\xampp\htdocs\api_posbawang\system\View\View.php(231): CodeIgniter\View\View->CodeIgniter\View\{closure}()
#6 C:\xampp\htdocs\api_posbawang\system\Common.php(1178): CodeIgniter\View\View->render('staticReport/re...', Array, true)
#7 C:\xampp\htdocs\api_posbawang\app\Controllers\Report.php(119): view('staticReport/re...', Array)
#8 C:\xampp\htdocs\api_posbawang\system\CodeIgniter.php(941): App\Controllers\Report->find_table()
#9 C:\xampp\htdocs\api_posbawang\system\CodeIgniter.php(502): CodeIgniter\CodeIgniter->runController(Object(App\Controllers\Report))
#10 C:\xampp\htdocs\api_posbawang\system\CodeIgniter.php(361): CodeIgniter\CodeIgniter->handleRequest(NULL, Object(Config\Cache), false)
#11 C:\xampp\htdocs\api_posbawang\index.php(79): CodeIgniter\CodeIgniter->run()
#12 {main}
CRITICAL - 2024-04-18 11:18:40 --> CodeIgniter\Database\Exceptions\DatabaseException: Operand should contain 1 column(s)
in SYSTEMPATH\Database\BaseConnection.php on line 647.
 1 APPPATH\Views\staticReport\report_penjualan.php(11): CodeIgniter\Database\BaseConnection->query('
SELECT distinct(D.code,C.no_mobil,C.tanggal) FROM barang_keluar AS A
INNER JOIN barang_keluar_detail AS B ON A.id=B.id_barang_keluar
INNER JOIN barang_masuk AS C ON B.no_mobil=C.no_mobil
INNER JOIN master_barang AS D ON B.id_barang=D.id
WHERE A.tanggal=?
', [...])
 2 SYSTEMPATH\View\View.php(228): include('C:\\xampp\\htdocs\\api_posbawang\\app\\Views\\staticReport\\report_penjualan.php')
 3 SYSTEMPATH\View\View.php(231): CodeIgniter\View\View->CodeIgniter\View\{closure}()
 4 SYSTEMPATH\Common.php(1178): CodeIgniter\View\View->render('staticReport/report_penjualan', [], true)
 5 APPPATH\Controllers\Report.php(119): view('staticReport/report_penjualan', [...])
 6 SYSTEMPATH\CodeIgniter.php(941): App\Controllers\Report->find_table()
 7 SYSTEMPATH\CodeIgniter.php(502): CodeIgniter\CodeIgniter->runController(Object(App\Controllers\Report))
 8 SYSTEMPATH\CodeIgniter.php(361): CodeIgniter\CodeIgniter->handleRequest(null, Object(Config\Cache), false)
 9 FCPATH\index.php(79): CodeIgniter\CodeIgniter->run()
CRITICAL - 2024-04-18 11:18:40 --> [Caused by] CodeIgniter\Database\Exceptions\DatabaseException: Operand should contain 1 column(s)
in SYSTEMPATH\Database\MySQLi\Connection.php on line 311.
 1 SYSTEMPATH\Database\BaseConnection.php(693): CodeIgniter\Database\MySQLi\Connection->execute('
SELECT distinct(D.code,C.no_mobil,C.tanggal) FROM barang_keluar AS A
INNER JOIN barang_keluar_detail AS B ON A.id=B.id_barang_keluar
INNER JOIN barang_masuk AS C ON B.no_mobil=C.no_mobil
INNER JOIN master_barang AS D ON B.id_barang=D.id
WHERE A.tanggal=\'2024-04-17\'
')
 2 SYSTEMPATH\Database\BaseConnection.php(607): CodeIgniter\Database\BaseConnection->simpleQuery('
SELECT distinct(D.code,C.no_mobil,C.tanggal) FROM barang_keluar AS A
INNER JOIN barang_keluar_detail AS B ON A.id=B.id_barang_keluar
INNER JOIN barang_masuk AS C ON B.no_mobil=C.no_mobil
INNER JOIN master_barang AS D ON B.id_barang=D.id
WHERE A.tanggal=\'2024-04-17\'
')
 3 APPPATH\Views\staticReport\report_penjualan.php(11): CodeIgniter\Database\BaseConnection->query('
SELECT distinct(D.code,C.no_mobil,C.tanggal) FROM barang_keluar AS A
INNER JOIN barang_keluar_detail AS B ON A.id=B.id_barang_keluar
INNER JOIN barang_masuk AS C ON B.no_mobil=C.no_mobil
INNER JOIN master_barang AS D ON B.id_barang=D.id
WHERE A.tanggal=?
', [...])
 4 SYSTEMPATH\View\View.php(228): include('C:\\xampp\\htdocs\\api_posbawang\\app\\Views\\staticReport\\report_penjualan.php')
 5 SYSTEMPATH\View\View.php(231): CodeIgniter\View\View->CodeIgniter\View\{closure}()
 6 SYSTEMPATH\Common.php(1178): CodeIgniter\View\View->render('staticReport/report_penjualan', [], true)
 7 APPPATH\Controllers\Report.php(119): view('staticReport/report_penjualan', [...])
 8 SYSTEMPATH\CodeIgniter.php(941): App\Controllers\Report->find_table()
 9 SYSTEMPATH\CodeIgniter.php(502): CodeIgniter\CodeIgniter->runController(Object(App\Controllers\Report))
10 SYSTEMPATH\CodeIgniter.php(361): CodeIgniter\CodeIgniter->handleRequest(null, Object(Config\Cache), false)
11 FCPATH\index.php(79): CodeIgniter\CodeIgniter->run()
CRITICAL - 2024-04-18 11:18:40 --> [Caused by] mysqli_sql_exception: Operand should contain 1 column(s)
in SYSTEMPATH\Database\MySQLi\Connection.php on line 306.
 1 SYSTEMPATH\Database\MySQLi\Connection.php(306): mysqli->query('
SELECT distinct(D.code,C.no_mobil,C.tanggal) FROM barang_keluar AS A
INNER JOIN barang_keluar_detail AS B ON A.id=B.id_barang_keluar
INNER JOIN barang_masuk AS C ON B.no_mobil=C.no_mobil
INNER JOIN master_barang AS D ON B.id_barang=D.id
WHERE A.tanggal=\'2024-04-17\'
', 0)
 2 SYSTEMPATH\Database\BaseConnection.php(693): CodeIgniter\Database\MySQLi\Connection->execute('
SELECT distinct(D.code,C.no_mobil,C.tanggal) FROM barang_keluar AS A
INNER JOIN barang_keluar_detail AS B ON A.id=B.id_barang_keluar
INNER JOIN barang_masuk AS C ON B.no_mobil=C.no_mobil
INNER JOIN master_barang AS D ON B.id_barang=D.id
WHERE A.tanggal=\'2024-04-17\'
')
 3 SYSTEMPATH\Database\BaseConnection.php(607): CodeIgniter\Database\BaseConnection->simpleQuery('
SELECT distinct(D.code,C.no_mobil,C.tanggal) FROM barang_keluar AS A
INNER JOIN barang_keluar_detail AS B ON A.id=B.id_barang_keluar
INNER JOIN barang_masuk AS C ON B.no_mobil=C.no_mobil
INNER JOIN master_barang AS D ON B.id_barang=D.id
WHERE A.tanggal=\'2024-04-17\'
')
 4 APPPATH\Views\staticReport\report_penjualan.php(11): CodeIgniter\Database\BaseConnection->query('
SELECT distinct(D.code,C.no_mobil,C.tanggal) FROM barang_keluar AS A
INNER JOIN barang_keluar_detail AS B ON A.id=B.id_barang_keluar
INNER JOIN barang_masuk AS C ON B.no_mobil=C.no_mobil
INNER JOIN master_barang AS D ON B.id_barang=D.id
WHERE A.tanggal=?
', [...])
 5 SYSTEMPATH\View\View.php(228): include('C:\\xampp\\htdocs\\api_posbawang\\app\\Views\\staticReport\\report_penjualan.php')
 6 SYSTEMPATH\View\View.php(231): CodeIgniter\View\View->CodeIgniter\View\{closure}()
 7 SYSTEMPATH\Common.php(1178): CodeIgniter\View\View->render('staticReport/report_penjualan', [], true)
 8 APPPATH\Controllers\Report.php(119): view('staticReport/report_penjualan', [...])
 9 SYSTEMPATH\CodeIgniter.php(941): App\Controllers\Report->find_table()
10 SYSTEMPATH\CodeIgniter.php(502): CodeIgniter\CodeIgniter->runController(Object(App\Controllers\Report))
11 SYSTEMPATH\CodeIgniter.php(361): CodeIgniter\CodeIgniter->handleRequest(null, Object(Config\Cache), false)
12 FCPATH\index.php(79): CodeIgniter\CodeIgniter->run()
ERROR - 2024-04-18 11:19:00 --> mysqli_sql_exception: Operand should contain 1 column(s) in C:\xampp\htdocs\api_posbawang\system\Database\MySQLi\Connection.php:306
Stack trace:
#0 C:\xampp\htdocs\api_posbawang\system\Database\MySQLi\Connection.php(306): mysqli->query('\r\nSELECT distin...', 0)
#1 C:\xampp\htdocs\api_posbawang\system\Database\BaseConnection.php(693): CodeIgniter\Database\MySQLi\Connection->execute('\r\nSELECT distin...')
#2 C:\xampp\htdocs\api_posbawang\system\Database\BaseConnection.php(607): CodeIgniter\Database\BaseConnection->simpleQuery('\r\nSELECT distin...')
#3 C:\xampp\htdocs\api_posbawang\app\Views\staticReport\report_penjualan.php(11): CodeIgniter\Database\BaseConnection->query('\r\nSELECT distin...', Array)
#4 C:\xampp\htdocs\api_posbawang\system\View\View.php(228): include('C:\\xampp\\htdocs...')
#5 C:\xampp\htdocs\api_posbawang\system\View\View.php(231): CodeIgniter\View\View->CodeIgniter\View\{closure}()
#6 C:\xampp\htdocs\api_posbawang\system\Common.php(1178): CodeIgniter\View\View->render('staticReport/re...', Array, true)
#7 C:\xampp\htdocs\api_posbawang\app\Controllers\Report.php(119): view('staticReport/re...', Array)
#8 C:\xampp\htdocs\api_posbawang\system\CodeIgniter.php(941): App\Controllers\Report->find_table()
#9 C:\xampp\htdocs\api_posbawang\system\CodeIgniter.php(502): CodeIgniter\CodeIgniter->runController(Object(App\Controllers\Report))
#10 C:\xampp\htdocs\api_posbawang\system\CodeIgniter.php(361): CodeIgniter\CodeIgniter->handleRequest(NULL, Object(Config\Cache), false)
#11 C:\xampp\htdocs\api_posbawang\index.php(79): CodeIgniter\CodeIgniter->run()
#12 {main}
CRITICAL - 2024-04-18 11:19:00 --> CodeIgniter\Database\Exceptions\DatabaseException: Operand should contain 1 column(s)
in SYSTEMPATH\Database\BaseConnection.php on line 647.
 1 APPPATH\Views\staticReport\report_penjualan.php(11): CodeIgniter\Database\BaseConnection->query('
SELECT distinct(D.code,C.no_mobil),D.code,C.no_mobil,C.tanggal FROM barang_keluar AS A
INNER JOIN barang_keluar_detail AS B ON A.id=B.id_barang_keluar
INNER JOIN barang_masuk AS C ON B.no_mobil=C.no_mobil
INNER JOIN master_barang AS D ON B.id_barang=D.id
WHERE A.tanggal=?
', [...])
 2 SYSTEMPATH\View\View.php(228): include('C:\\xampp\\htdocs\\api_posbawang\\app\\Views\\staticReport\\report_penjualan.php')
 3 SYSTEMPATH\View\View.php(231): CodeIgniter\View\View->CodeIgniter\View\{closure}()
 4 SYSTEMPATH\Common.php(1178): CodeIgniter\View\View->render('staticReport/report_penjualan', [], true)
 5 APPPATH\Controllers\Report.php(119): view('staticReport/report_penjualan', [...])
 6 SYSTEMPATH\CodeIgniter.php(941): App\Controllers\Report->find_table()
 7 SYSTEMPATH\CodeIgniter.php(502): CodeIgniter\CodeIgniter->runController(Object(App\Controllers\Report))
 8 SYSTEMPATH\CodeIgniter.php(361): CodeIgniter\CodeIgniter->handleRequest(null, Object(Config\Cache), false)
 9 FCPATH\index.php(79): CodeIgniter\CodeIgniter->run()
CRITICAL - 2024-04-18 11:19:00 --> [Caused by] CodeIgniter\Database\Exceptions\DatabaseException: Operand should contain 1 column(s)
in SYSTEMPATH\Database\MySQLi\Connection.php on line 311.
 1 SYSTEMPATH\Database\BaseConnection.php(693): CodeIgniter\Database\MySQLi\Connection->execute('
SELECT distinct(D.code,C.no_mobil),D.code,C.no_mobil,C.tanggal FROM barang_keluar AS A
INNER JOIN barang_keluar_detail AS B ON A.id=B.id_barang_keluar
INNER JOIN barang_masuk AS C ON B.no_mobil=C.no_mobil
INNER JOIN master_barang AS D ON B.id_barang=D.id
WHERE A.tanggal=\'2024-04-17\'
')
 2 SYSTEMPATH\Database\BaseConnection.php(607): CodeIgniter\Database\BaseConnection->simpleQuery('
SELECT distinct(D.code,C.no_mobil),D.code,C.no_mobil,C.tanggal FROM barang_keluar AS A
INNER JOIN barang_keluar_detail AS B ON A.id=B.id_barang_keluar
INNER JOIN barang_masuk AS C ON B.no_mobil=C.no_mobil
INNER JOIN master_barang AS D ON B.id_barang=D.id
WHERE A.tanggal=\'2024-04-17\'
')
 3 APPPATH\Views\staticReport\report_penjualan.php(11): CodeIgniter\Database\BaseConnection->query('
SELECT distinct(D.code,C.no_mobil),D.code,C.no_mobil,C.tanggal FROM barang_keluar AS A
INNER JOIN barang_keluar_detail AS B ON A.id=B.id_barang_keluar
INNER JOIN barang_masuk AS C ON B.no_mobil=C.no_mobil
INNER JOIN master_barang AS D ON B.id_barang=D.id
WHERE A.tanggal=?
', [...])
 4 SYSTEMPATH\View\View.php(228): include('C:\\xampp\\htdocs\\api_posbawang\\app\\Views\\staticReport\\report_penjualan.php')
 5 SYSTEMPATH\View\View.php(231): CodeIgniter\View\View->CodeIgniter\View\{closure}()
 6 SYSTEMPATH\Common.php(1178): CodeIgniter\View\View->render('staticReport/report_penjualan', [], true)
 7 APPPATH\Controllers\Report.php(119): view('staticReport/report_penjualan', [...])
 8 SYSTEMPATH\CodeIgniter.php(941): App\Controllers\Report->find_table()
 9 SYSTEMPATH\CodeIgniter.php(502): CodeIgniter\CodeIgniter->runController(Object(App\Controllers\Report))
10 SYSTEMPATH\CodeIgniter.php(361): CodeIgniter\CodeIgniter->handleRequest(null, Object(Config\Cache), false)
11 FCPATH\index.php(79): CodeIgniter\CodeIgniter->run()
CRITICAL - 2024-04-18 11:19:00 --> [Caused by] mysqli_sql_exception: Operand should contain 1 column(s)
in SYSTEMPATH\Database\MySQLi\Connection.php on line 306.
 1 SYSTEMPATH\Database\MySQLi\Connection.php(306): mysqli->query('
SELECT distinct(D.code,C.no_mobil),D.code,C.no_mobil,C.tanggal FROM barang_keluar AS A
INNER JOIN barang_keluar_detail AS B ON A.id=B.id_barang_keluar
INNER JOIN barang_masuk AS C ON B.no_mobil=C.no_mobil
INNER JOIN master_barang AS D ON B.id_barang=D.id
WHERE A.tanggal=\'2024-04-17\'
', 0)
 2 SYSTEMPATH\Database\BaseConnection.php(693): CodeIgniter\Database\MySQLi\Connection->execute('
SELECT distinct(D.code,C.no_mobil),D.code,C.no_mobil,C.tanggal FROM barang_keluar AS A
INNER JOIN barang_keluar_detail AS B ON A.id=B.id_barang_keluar
INNER JOIN barang_masuk AS C ON B.no_mobil=C.no_mobil
INNER JOIN master_barang AS D ON B.id_barang=D.id
WHERE A.tanggal=\'2024-04-17\'
')
 3 SYSTEMPATH\Database\BaseConnection.php(607): CodeIgniter\Database\BaseConnection->simpleQuery('
SELECT distinct(D.code,C.no_mobil),D.code,C.no_mobil,C.tanggal FROM barang_keluar AS A
INNER JOIN barang_keluar_detail AS B ON A.id=B.id_barang_keluar
INNER JOIN barang_masuk AS C ON B.no_mobil=C.no_mobil
INNER JOIN master_barang AS D ON B.id_barang=D.id
WHERE A.tanggal=\'2024-04-17\'
')
 4 APPPATH\Views\staticReport\report_penjualan.php(11): CodeIgniter\Database\BaseConnection->query('
SELECT distinct(D.code,C.no_mobil),D.code,C.no_mobil,C.tanggal FROM barang_keluar AS A
INNER JOIN barang_keluar_detail AS B ON A.id=B.id_barang_keluar
INNER JOIN barang_masuk AS C ON B.no_mobil=C.no_mobil
INNER JOIN master_barang AS D ON B.id_barang=D.id
WHERE A.tanggal=?
', [...])
 5 SYSTEMPATH\View\View.php(228): include('C:\\xampp\\htdocs\\api_posbawang\\app\\Views\\staticReport\\report_penjualan.php')
 6 SYSTEMPATH\View\View.php(231): CodeIgniter\View\View->CodeIgniter\View\{closure}()
 7 SYSTEMPATH\Common.php(1178): CodeIgniter\View\View->render('staticReport/report_penjualan', [], true)
 8 APPPATH\Controllers\Report.php(119): view('staticReport/report_penjualan', [...])
 9 SYSTEMPATH\CodeIgniter.php(941): App\Controllers\Report->find_table()
10 SYSTEMPATH\CodeIgniter.php(502): CodeIgniter\CodeIgniter->runController(Object(App\Controllers\Report))
11 SYSTEMPATH\CodeIgniter.php(361): CodeIgniter\CodeIgniter->handleRequest(null, Object(Config\Cache), false)
12 FCPATH\index.php(79): CodeIgniter\CodeIgniter->run()
CRITICAL - 2024-04-18 11:31:59 --> Error: Call to undefined function nummber_format()
in APPPATH\Views\staticReport\report_penjualan.php on line 88.
 1 SYSTEMPATH\View\View.php(228): include()
 2 SYSTEMPATH\View\View.php(231): CodeIgniter\View\View->CodeIgniter\View\{closure}()
 3 SYSTEMPATH\Common.php(1178): CodeIgniter\View\View->render('staticReport/report_penjualan', [], true)
 4 APPPATH\Controllers\Report.php(119): view('staticReport/report_penjualan', [...])
 5 SYSTEMPATH\CodeIgniter.php(941): App\Controllers\Report->find_table()
 6 SYSTEMPATH\CodeIgniter.php(502): CodeIgniter\CodeIgniter->runController(Object(App\Controllers\Report))
 7 SYSTEMPATH\CodeIgniter.php(361): CodeIgniter\CodeIgniter->handleRequest(null, Object(Config\Cache), false)
 8 FCPATH\index.php(79): CodeIgniter\CodeIgniter->run()
CRITICAL - 2024-04-18 11:32:09 --> Error: Call to undefined function format_number()
in APPPATH\Views\staticReport\report_penjualan.php on line 88.
 1 SYSTEMPATH\View\View.php(228): include()
 2 SYSTEMPATH\View\View.php(231): CodeIgniter\View\View->CodeIgniter\View\{closure}()
 3 SYSTEMPATH\Common.php(1178): CodeIgniter\View\View->render('staticReport/report_penjualan', [], true)
 4 APPPATH\Controllers\Report.php(119): view('staticReport/report_penjualan', [...])
 5 SYSTEMPATH\CodeIgniter.php(941): App\Controllers\Report->find_table()
 6 SYSTEMPATH\CodeIgniter.php(502): CodeIgniter\CodeIgniter->runController(Object(App\Controllers\Report))
 7 SYSTEMPATH\CodeIgniter.php(361): CodeIgniter\CodeIgniter->handleRequest(null, Object(Config\Cache), false)
 8 FCPATH\index.php(79): CodeIgniter\CodeIgniter->run()
CRITICAL - 2024-04-18 11:32:16 --> Error: Call to undefined function number()
in APPPATH\Views\staticReport\report_penjualan.php on line 88.
 1 SYSTEMPATH\View\View.php(228): include()
 2 SYSTEMPATH\View\View.php(231): CodeIgniter\View\View->CodeIgniter\View\{closure}()
 3 SYSTEMPATH\Common.php(1178): CodeIgniter\View\View->render('staticReport/report_penjualan', [], true)
 4 APPPATH\Controllers\Report.php(119): view('staticReport/report_penjualan', [...])
 5 SYSTEMPATH\CodeIgniter.php(941): App\Controllers\Report->find_table()
 6 SYSTEMPATH\CodeIgniter.php(502): CodeIgniter\CodeIgniter->runController(Object(App\Controllers\Report))
 7 SYSTEMPATH\CodeIgniter.php(361): CodeIgniter\CodeIgniter->handleRequest(null, Object(Config\Cache), false)
 8 FCPATH\index.php(79): CodeIgniter\CodeIgniter->run()
ERROR - 2024-04-18 17:36:31 --> mysqli_sql_exception: Column 'id_cabang' in where clause is ambiguous in C:\xampp\htdocs\api_posbawang\system\Database\MySQLi\Connection.php:306
Stack trace:
#0 C:\xampp\htdocs\api_posbawang\system\Database\MySQLi\Connection.php(306): mysqli->query('\r\nSELECT distin...', 0)
#1 C:\xampp\htdocs\api_posbawang\system\Database\BaseConnection.php(693): CodeIgniter\Database\MySQLi\Connection->execute('\r\nSELECT distin...')
#2 C:\xampp\htdocs\api_posbawang\system\Database\BaseConnection.php(607): CodeIgniter\Database\BaseConnection->simpleQuery('\r\nSELECT distin...')
#3 C:\xampp\htdocs\api_posbawang\app\Views\staticReport\report_penjualan.php(39): CodeIgniter\Database\BaseConnection->query('\r\nSELECT distin...', Array)
#4 C:\xampp\htdocs\api_posbawang\system\View\View.php(228): include('C:\\xampp\\htdocs...')
#5 C:\xampp\htdocs\api_posbawang\system\View\View.php(231): CodeIgniter\View\View->CodeIgniter\View\{closure}()
#6 C:\xampp\htdocs\api_posbawang\system\Common.php(1178): CodeIgniter\View\View->render('staticReport/re...', Array, true)
#7 C:\xampp\htdocs\api_posbawang\app\Controllers\Report.php(120): view('staticReport/re...', Array)
#8 C:\xampp\htdocs\api_posbawang\system\CodeIgniter.php(941): App\Controllers\Report->find_table()
#9 C:\xampp\htdocs\api_posbawang\system\CodeIgniter.php(502): CodeIgniter\CodeIgniter->runController(Object(App\Controllers\Report))
#10 C:\xampp\htdocs\api_posbawang\system\CodeIgniter.php(361): CodeIgniter\CodeIgniter->handleRequest(NULL, Object(Config\Cache), false)
#11 C:\xampp\htdocs\api_posbawang\index.php(79): CodeIgniter\CodeIgniter->run()
#12 {main}
CRITICAL - 2024-04-18 17:36:31 --> CodeIgniter\Database\Exceptions\DatabaseException: Column 'id_cabang' in where clause is ambiguous
in SYSTEMPATH\Database\BaseConnection.php on line 647.
 1 APPPATH\Views\staticReport\report_penjualan.php(39): CodeIgniter\Database\BaseConnection->query('
SELECT distinct(D.code),C.no_mobil,C.tanggal FROM barang_keluar AS A
INNER JOIN barang_keluar_detail AS B ON A.id=B.id_barang_keluar
INNER JOIN barang_masuk AS C ON B.no_mobil=C.no_mobil
INNER JOIN master_barang AS D ON B.id_barang=D.id
WHERE A.time_stamp between ? and ? AND A.status_transaksi !=0 and id_cabang=?
', [...])
 2 SYSTEMPATH\View\View.php(228): include('C:\\xampp\\htdocs\\api_posbawang\\app\\Views\\staticReport\\report_penjualan.php')
 3 SYSTEMPATH\View\View.php(231): CodeIgniter\View\View->CodeIgniter\View\{closure}()
 4 SYSTEMPATH\Common.php(1178): CodeIgniter\View\View->render('staticReport/report_penjualan', [], true)
 5 APPPATH\Controllers\Report.php(120): view('staticReport/report_penjualan', [...])
 6 SYSTEMPATH\CodeIgniter.php(941): App\Controllers\Report->find_table()
 7 SYSTEMPATH\CodeIgniter.php(502): CodeIgniter\CodeIgniter->runController(Object(App\Controllers\Report))
 8 SYSTEMPATH\CodeIgniter.php(361): CodeIgniter\CodeIgniter->handleRequest(null, Object(Config\Cache), false)
 9 FCPATH\index.php(79): CodeIgniter\CodeIgniter->run()
CRITICAL - 2024-04-18 17:36:31 --> [Caused by] CodeIgniter\Database\Exceptions\DatabaseException: Column 'id_cabang' in where clause is ambiguous
in SYSTEMPATH\Database\MySQLi\Connection.php on line 311.
 1 SYSTEMPATH\Database\BaseConnection.php(693): CodeIgniter\Database\MySQLi\Connection->execute('
SELECT distinct(D.code),C.no_mobil,C.tanggal FROM barang_keluar AS A
INNER JOIN barang_keluar_detail AS B ON A.id=B.id_barang_keluar
INNER JOIN barang_masuk AS C ON B.no_mobil=C.no_mobil
INNER JOIN master_barang AS D ON B.id_barang=D.id
WHERE A.time_stamp between \'2024-04-17 12:00:00\' and \'2024-04-18 11:59:59\' AND A.status_transaksi !=0 and id_cabang=\'0001\'
')
 2 SYSTEMPATH\Database\BaseConnection.php(607): CodeIgniter\Database\BaseConnection->simpleQuery('
SELECT distinct(D.code),C.no_mobil,C.tanggal FROM barang_keluar AS A
INNER JOIN barang_keluar_detail AS B ON A.id=B.id_barang_keluar
INNER JOIN barang_masuk AS C ON B.no_mobil=C.no_mobil
INNER JOIN master_barang AS D ON B.id_barang=D.id
WHERE A.time_stamp between \'2024-04-17 12:00:00\' and \'2024-04-18 11:59:59\' AND A.status_transaksi !=0 and id_cabang=\'0001\'
')
 3 APPPATH\Views\staticReport\report_penjualan.php(39): CodeIgniter\Database\BaseConnection->query('
SELECT distinct(D.code),C.no_mobil,C.tanggal FROM barang_keluar AS A
INNER JOIN barang_keluar_detail AS B ON A.id=B.id_barang_keluar
INNER JOIN barang_masuk AS C ON B.no_mobil=C.no_mobil
INNER JOIN master_barang AS D ON B.id_barang=D.id
WHERE A.time_stamp between ? and ? AND A.status_transaksi !=0 and id_cabang=?
', [...])
 4 SYSTEMPATH\View\View.php(228): include('C:\\xampp\\htdocs\\api_posbawang\\app\\Views\\staticReport\\report_penjualan.php')
 5 SYSTEMPATH\View\View.php(231): CodeIgniter\View\View->CodeIgniter\View\{closure}()
 6 SYSTEMPATH\Common.php(1178): CodeIgniter\View\View->render('staticReport/report_penjualan', [], true)
 7 APPPATH\Controllers\Report.php(120): view('staticReport/report_penjualan', [...])
 8 SYSTEMPATH\CodeIgniter.php(941): App\Controllers\Report->find_table()
 9 SYSTEMPATH\CodeIgniter.php(502): CodeIgniter\CodeIgniter->runController(Object(App\Controllers\Report))
10 SYSTEMPATH\CodeIgniter.php(361): CodeIgniter\CodeIgniter->handleRequest(null, Object(Config\Cache), false)
11 FCPATH\index.php(79): CodeIgniter\CodeIgniter->run()
CRITICAL - 2024-04-18 17:36:31 --> [Caused by] mysqli_sql_exception: Column 'id_cabang' in where clause is ambiguous
in SYSTEMPATH\Database\MySQLi\Connection.php on line 306.
 1 SYSTEMPATH\Database\MySQLi\Connection.php(306): mysqli->query('
SELECT distinct(D.code),C.no_mobil,C.tanggal FROM barang_keluar AS A
INNER JOIN barang_keluar_detail AS B ON A.id=B.id_barang_keluar
INNER JOIN barang_masuk AS C ON B.no_mobil=C.no_mobil
INNER JOIN master_barang AS D ON B.id_barang=D.id
WHERE A.time_stamp between \'2024-04-17 12:00:00\' and \'2024-04-18 11:59:59\' AND A.status_transaksi !=0 and id_cabang=\'0001\'
', 0)
 2 SYSTEMPATH\Database\BaseConnection.php(693): CodeIgniter\Database\MySQLi\Connection->execute('
SELECT distinct(D.code),C.no_mobil,C.tanggal FROM barang_keluar AS A
INNER JOIN barang_keluar_detail AS B ON A.id=B.id_barang_keluar
INNER JOIN barang_masuk AS C ON B.no_mobil=C.no_mobil
INNER JOIN master_barang AS D ON B.id_barang=D.id
WHERE A.time_stamp between \'2024-04-17 12:00:00\' and \'2024-04-18 11:59:59\' AND A.status_transaksi !=0 and id_cabang=\'0001\'
')
 3 SYSTEMPATH\Database\BaseConnection.php(607): CodeIgniter\Database\BaseConnection->simpleQuery('
SELECT distinct(D.code),C.no_mobil,C.tanggal FROM barang_keluar AS A
INNER JOIN barang_keluar_detail AS B ON A.id=B.id_barang_keluar
INNER JOIN barang_masuk AS C ON B.no_mobil=C.no_mobil
INNER JOIN master_barang AS D ON B.id_barang=D.id
WHERE A.time_stamp between \'2024-04-17 12:00:00\' and \'2024-04-18 11:59:59\' AND A.status_transaksi !=0 and id_cabang=\'0001\'
')
 4 APPPATH\Views\staticReport\report_penjualan.php(39): CodeIgniter\Database\BaseConnection->query('
SELECT distinct(D.code),C.no_mobil,C.tanggal FROM barang_keluar AS A
INNER JOIN barang_keluar_detail AS B ON A.id=B.id_barang_keluar
INNER JOIN barang_masuk AS C ON B.no_mobil=C.no_mobil
INNER JOIN master_barang AS D ON B.id_barang=D.id
WHERE A.time_stamp between ? and ? AND A.status_transaksi !=0 and id_cabang=?
', [...])
 5 SYSTEMPATH\View\View.php(228): include('C:\\xampp\\htdocs\\api_posbawang\\app\\Views\\staticReport\\report_penjualan.php')
 6 SYSTEMPATH\View\View.php(231): CodeIgniter\View\View->CodeIgniter\View\{closure}()
 7 SYSTEMPATH\Common.php(1178): CodeIgniter\View\View->render('staticReport/report_penjualan', [], true)
 8 APPPATH\Controllers\Report.php(120): view('staticReport/report_penjualan', [...])
 9 SYSTEMPATH\CodeIgniter.php(941): App\Controllers\Report->find_table()
10 SYSTEMPATH\CodeIgniter.php(502): CodeIgniter\CodeIgniter->runController(Object(App\Controllers\Report))
11 SYSTEMPATH\CodeIgniter.php(361): CodeIgniter\CodeIgniter->handleRequest(null, Object(Config\Cache), false)
12 FCPATH\index.php(79): CodeIgniter\CodeIgniter->run()
